[main           ] [2016-06-26 00:37:26] INFO  com.justinmind.prototyper  - START Justinmind Prototyper
[main           ] [2016-06-26 00:37:30] INFO  com.justinmind.metrics  - {type=PC_INFO, hostname=ritos-macbook-air.local, user=rito, install_id=1516894715, license=A2361AC476CF4F147E7E60E79EE4329D, os=Mac OS X, os_version=10.11.5, arch=x86_64, country=US, language=en, product=Prototyper Pro, version=7.2.2, java_version=1.8.0_25-b17, cpu=, dpi=126, displays=2, resolution=1920x1200 1440x900}
[main           ] [2016-06-26 00:37:30] INFO  com.justinmind.metrics  - {type=CLOSED, use_time=9}
[main           ] [2016-06-26 00:37:31] ERROR com.justinmind.prototyper  - com.justinmind.evc.igu.main.yh@65a66a75
java.lang.NullPointerException
	at org.eclipse.ui.internal.WorkbenchWindow.fillActionBars(WorkbenchWindow.java:3576)
	at org.eclipse.ui.internal.WorkbenchWindow.<init>(WorkbenchWindow.java:419)
	at org.eclipse.ui.internal.tweaklets.Workbench3xImplementation.createWorkbenchWindow(Workbench3xImplementation.java:31)
	at org.eclipse.ui.internal.Workbench.newWorkbenchWindow(Workbench.java:1925)
	at org.eclipse.ui.internal.Workbench.access$14(Workbench.java:1923)
	at org.eclipse.ui.internal.Workbench$21.runWithException(Workbench.java:1207)
	at org.eclipse.ui.internal.StartupThreading$StartupRunnable.run(StartupThreading.java:31)
	at org.eclipse.swt.widgets.RunnableLock.run(RunnableLock.java:35)
	at org.eclipse.swt.widgets.Synchronizer.runAsyncMessages(Synchronizer.java:135)
	at org.eclipse.swt.widgets.Display.runAsyncMessages(Display.java:3944)
	at org.eclipse.swt.widgets.Display.readAndDispatch(Display.java:3621)
	at org.eclipse.ui.application.WorkbenchAdvisor.openWindows(WorkbenchAdvisor.java:803)
	at org.eclipse.ui.internal.Workbench$33.runWithException(Workbench.java:1600)
	at org.eclipse.ui.internal.StartupThreading$StartupRunnable.run(StartupThreading.java:31)
	at org.eclipse.swt.widgets.RunnableLock.run(RunnableLock.java:35)
	at org.eclipse.swt.widgets.Synchronizer.runAsyncMessages(Synchronizer.java:135)
	at org.eclipse.swt.widgets.Display.runAsyncMessages(Display.java:3944)
	at org.eclipse.swt.widgets.Display.readAndDispatch(Display.java:3621)
	at org.eclipse.ui.internal.Workbench.runUI(Workbench.java:2609)
	at org.eclipse.ui.internal.Workbench.access$4(Workbench.java:2499)
	at org.eclipse.ui.internal.Workbench$7.run(Workbench.java:679)
	at org.eclipse.core.databinding.observable.Realm.runWithDefault(Realm.java:332)
	at org.eclipse.ui.internal.Workbench.createAndRunWorkbench(Workbench.java:668)
	at org.eclipse.ui.PlatformUI.createAndRunWorkbench(PlatformUI.java:149)
	at com.justinmind.evc.igu.main.Application.run(Application.java)
	at sun.reflect.NativeMethodAccessorImpl.invoke0(Native Method)
	at sun.reflect.NativeMethodAccessorImpl.invoke(NativeMethodAccessorImpl.java:62)
	at sun.reflect.DelegatingMethodAccessorImpl.invoke(DelegatingMethodAccessorImpl.java:43)
	at java.lang.reflect.Method.invoke(Method.java:483)
	at org.eclipse.equinox.internal.app.EclipseAppContainer.callMethodWithException(EclipseAppContainer.java:587)
	at org.eclipse.equinox.internal.app.EclipseAppHandle.run(EclipseAppHandle.java:198)
	at org.eclipse.core.runtime.internal.adaptor.EclipseAppLauncher.runApplication(EclipseAppLauncher.java:110)
	at org.eclipse.core.runtime.internal.adaptor.EclipseAppLauncher.start(EclipseAppLauncher.java:79)
	at org.eclipse.core.runtime.adaptor.EclipseStarter.run(EclipseStarter.java:353)
	at org.eclipse.core.runtime.adaptor.EclipseStarter.run(EclipseStarter.java:180)
	at sun.reflect.NativeMethodAccessorImpl.invoke0(Native Method)
	at sun.reflect.NativeMethodAccessorImpl.invoke(NativeMethodAccessorImpl.java:62)
	at sun.reflect.DelegatingMethodAccessorImpl.invoke(DelegatingMethodAccessorImpl.java:43)
	at java.lang.reflect.Method.invoke(Method.java:483)
	at org.eclipse.equinox.launcher.Main.invokeFramework(Main.java:648)
	at org.eclipse.equinox.launcher.Main.basicRun(Main.java:603)
	at org.eclipse.equinox.launcher.Main.run(Main.java:1465)
[main           ] [2016-06-26 00:37:31] INFO  com.justinmind.prototyper  - EXIT Justinmind Prototyper
[main           ] [2016-06-26 00:37:34] INFO  com.justinmind.prototyper  - START Justinmind Prototyper
[main           ] [2016-06-26 00:37:38] INFO  com.justinmind.metrics  - {type=PC_INFO, hostname=ritos-macbook-air.local, user=rito, install_id=1516894715, license=A2361AC476CF4F147E7E60E79EE4329D, os=Mac OS X, os_version=10.11.5, arch=x86_64, country=US, language=en, product=Prototyper Pro, version=7.2.2, java_version=1.8.0_25-b17, cpu=, dpi=126, displays=2, resolution=1920x1200 1440x900}
[main           ] [2016-06-26 00:37:38] INFO  com.justinmind.metrics  - {type=STARTED}
[main           ] [2016-06-26 00:38:29] INFO  com.justinmind.prototyper  - Activate Tab: USER_INTERFACE
[main           ] [2016-06-26 00:38:32] INFO  com.justinmind.metrics  - {type=JP_PREF, hidden_palettes=[], floating_palettes=[], editor=docked, hidden_toolbars=[], rules=true, grid=false, snap=true, canvasSize=true, browser=chromium}
[main           ] [2016-06-26 00:38:44] INFO  com.justinmind.metrics  - {type=TUTORIAL_START}
[main           ] [2016-06-26 00:39:02] INFO  com.justinmind.metrics  - {type=TUTORIAL_COMPLETE}
[main           ] [2016-06-26 00:39:04] INFO  com.justinmind.prototyper  - Activate Tab: USER_INTERFACE
[main           ] [2016-06-26 00:39:04] INFO  com.justinmind.prototyper  - Widgets loaded
[main           ] [2016-06-26 00:39:04] INFO  com.justinmind.metrics  - {type=JP_OP, op=NEW_PROJECT, from=example, device=WEB}
[ModalContext   ] [2016-06-26 00:39:08] INFO  com.justinmind.generator  - ---------------------- Prototype1 ----------------------
[ModalContext   ] [2016-06-26 00:39:08] INFO  com.justinmind.generator  - simulation: [installPath=/Applications/Justinmind.app/Contents/Resources/Java/, outputPath=/Users/rito/Justinmind/7.2.2/work0/1481730092626426592/, optimize=true]
[ModalContext   ] [2016-06-26 00:39:09] INFO  com.justinmind.generator  - generation took 852ms

[main           ] [2016-06-26 00:39:09] INFO  com.justinmind.metrics  - {type=JP_OP, op=SIMULATE, comments=true, browser=safari, scale=100, device=WEB}
[main           ] [2016-06-26 00:39:40] INFO  com.justinmind.metrics  - {type=JP_OP, op=ConnectLibrariesOperation}
[main           ] [2016-06-26 00:42:37] INFO  com.justinmind.prototyper  - Upload prototype to Usernote
[main           ] [2016-06-26 00:42:40] INFO  com.justinmind.prototyper  - Compressing file: /Latest simulated prototype.vp
[main           ] [2016-06-26 00:42:40] INFO  com.justinmind.prototyper  - Moving file to destination...
[main           ] [2016-06-26 00:42:40] INFO  com.justinmind.prototyper  - Saved successfully!
[ModalContext   ] [2016-06-26 00:42:43] INFO  com.justinmind.metrics  - {type=JP_OP, op=VIEW_ON_DEVICE, account_type=FREE, account=20690884, username=ritobrotomaitra@gmail.com}
[main           ] [2016-06-26 00:42:53] INFO  com.justinmind.prototyper  - Preview started
[main           ] [2016-06-26 00:42:53] INFO  com.justinmind.metrics  - {type=JP_OP, op=PREVIEW}
[main           ] [2016-06-26 00:42:54] INFO  com.justinmind.prototyper  - EXECUTE: com.justinmind.evc.igu.Commands.events.fb
[main           ] [2016-06-26 00:42:54] INFO  com.justinmind.prototyper  - EXECUTE: com.justinmind.evc.igu.Commands.events.fb
[main           ] [2016-06-26 00:43:00] INFO  com.justinmind.prototyper  - Preview finished
